<?xml version="1.0" encoding="UTF-8"?>
<!-- Generated by org.testng.reporters.JUnitReportReporter -->
<testsuite hostname="DESKTOP-3STQRFU" failures="0" tests="1" name="puspa.Traverse" time="9.351" errors="0" timestamp="2022-10-31T11:21:57 IST" skipped="0">
  <testcase classname="puspa.Traverse" name="collomn" time="9.351"/>
  <system-out/>
</testsuite> <!-- puspa.Traverse -->
